NOTE: Picked up JDK_JAVA_OPTIONS:  --add-opens=java.base/java.lang=ALL-UNNAMED --add-opens=java.base/java.io=ALL-UNNAMED --add-opens=java.base/java.util=ALL-UNNAMED --add-opens=java.base/java.util.concurrent=ALL-UNNAMED --add-opens=java.rmi/sun.rmi.transport=ALL-UNNAMED
05-Jan-2025 22:00:52.771 INFO [main] org.apache.catalina.startup.VersionLoggerListener.log Server version name:   Apache Tomcat/9.0.98
05-Jan-2025 22:00:52.773 INFO [main] org.apache.catalina.startup.VersionLoggerListener.log Server built:          Dec 5 2024 19:50:29 UTC
05-Jan-2025 22:00:52.773 INFO [main] org.apache.catalina.startup.VersionLoggerListener.log Server version number: 9.0.98.0
05-Jan-2025 22:00:52.773 INFO [main] org.apache.catalina.startup.VersionLoggerListener.log OS Name:               Mac OS X
05-Jan-2025 22:00:52.773 INFO [main] org.apache.catalina.startup.VersionLoggerListener.log OS Version:            15.2
05-Jan-2025 22:00:52.773 INFO [main] org.apache.catalina.startup.VersionLoggerListener.log Architecture:          aarch64
05-Jan-2025 22:00:52.773 INFO [main] org.apache.catalina.startup.VersionLoggerListener.log Java Home:             /Library/Java/JavaVirtualMachines/jdk-23.jdk/Contents/Home
05-Jan-2025 22:00:52.773 INFO [main] org.apache.catalina.startup.VersionLoggerListener.log JVM Version:           23.0.1+11-39
05-Jan-2025 22:00:52.773 INFO [main] org.apache.catalina.startup.VersionLoggerListener.log JVM Vendor:            Oracle Corporation
05-Jan-2025 22:00:52.773 INFO [main] org.apache.catalina.startup.VersionLoggerListener.log CATALINA_BASE:         /Users/rameez/Job-portal-with-skill-assessment/apache-tomcat-9.0.98
05-Jan-2025 22:00:52.773 INFO [main] org.apache.catalina.startup.VersionLoggerListener.log CATALINA_HOME:         /Users/rameez/Job-portal-with-skill-assessment/apache-tomcat-9.0.98
05-Jan-2025 22:00:52.780 INFO [main] org.apache.catalina.startup.VersionLoggerListener.log Command line argument: --add-opens=java.base/java.lang=ALL-UNNAMED
05-Jan-2025 22:00:52.780 INFO [main] org.apache.catalina.startup.VersionLoggerListener.log Command line argument: --add-opens=java.base/java.io=ALL-UNNAMED
05-Jan-2025 22:00:52.780 INFO [main] org.apache.catalina.startup.VersionLoggerListener.log Command line argument: --add-opens=java.base/java.util=ALL-UNNAMED
05-Jan-2025 22:00:52.781 INFO [main] org.apache.catalina.startup.VersionLoggerListener.log Command line argument: --add-opens=java.base/java.util.concurrent=ALL-UNNAMED
05-Jan-2025 22:00:52.781 INFO [main] org.apache.catalina.startup.VersionLoggerListener.log Command line argument: --add-opens=java.rmi/sun.rmi.transport=ALL-UNNAMED
05-Jan-2025 22:00:52.781 INFO [main] org.apache.catalina.startup.VersionLoggerListener.log Command line argument: -Djava.util.logging.config.file=/Users/rameez/Job-portal-with-skill-assessment/apache-tomcat-9.0.98/conf/logging.properties
05-Jan-2025 22:00:52.781 INFO [main] org.apache.catalina.startup.VersionLoggerListener.log Command line argument: -Djava.util.logging.manager=org.apache.juli.ClassLoaderLogManager
05-Jan-2025 22:00:52.781 INFO [main] org.apache.catalina.startup.VersionLoggerListener.log Command line argument: -Djdk.tls.ephemeralDHKeySize=2048
05-Jan-2025 22:00:52.781 INFO [main] org.apache.catalina.startup.VersionLoggerListener.log Command line argument: -Djava.protocol.handler.pkgs=org.apache.catalina.webresources
05-Jan-2025 22:00:52.781 INFO [main] org.apache.catalina.startup.VersionLoggerListener.log Command line argument: -Dorg.apache.catalina.security.SecurityListener.UMASK=0027
05-Jan-2025 22:00:52.781 INFO [main] org.apache.catalina.startup.VersionLoggerListener.log Command line argument: -Dignore.endorsed.dirs=
05-Jan-2025 22:00:52.781 INFO [main] org.apache.catalina.startup.VersionLoggerListener.log Command line argument: -Dcatalina.base=/Users/rameez/Job-portal-with-skill-assessment/apache-tomcat-9.0.98
05-Jan-2025 22:00:52.781 INFO [main] org.apache.catalina.startup.VersionLoggerListener.log Command line argument: -Dcatalina.home=/Users/rameez/Job-portal-with-skill-assessment/apache-tomcat-9.0.98
05-Jan-2025 22:00:52.781 INFO [main] org.apache.catalina.startup.VersionLoggerListener.log Command line argument: -Djava.io.tmpdir=/Users/rameez/Job-portal-with-skill-assessment/apache-tomcat-9.0.98/temp
05-Jan-2025 22:00:52.789 INFO [main] org.apache.catalina.core.AprLifecycleListener.lifecycleEvent The Apache Tomcat Native library which allows using OpenSSL was not found on the java.library.path: [/Users/rameez/Library/Java/Extensions:/Library/Java/Extensions:/Network/Library/Java/Extensions:/System/Library/Java/Extensions:/usr/lib/java:.]
05-Jan-2025 22:00:52.966 INFO [main] org.apache.coyote.AbstractProtocol.init Initializing ProtocolHandler ["http-nio-8080"]
05-Jan-2025 22:00:52.978 SEVERE [main] org.apache.catalina.util.LifecycleBase.handleSubClassException Failed to initialize component [Connector["http-nio-8080"]]
	org.apache.catalina.LifecycleException: Protocol handler initialization failed
		at org.apache.catalina.connector.Connector.initInternal(Connector.java:1027)
		at org.apache.catalina.util.LifecycleBase.init(LifecycleBase.java:122)
		at org.apache.catalina.core.StandardService.initInternal(StandardService.java:525)
		at org.apache.catalina.util.LifecycleBase.init(LifecycleBase.java:122)
		at org.apache.catalina.core.StandardServer.initInternal(StandardServer.java:986)
		at org.apache.catalina.util.LifecycleBase.init(LifecycleBase.java:122)
		at org.apache.catalina.startup.Catalina.load(Catalina.java:690)
		at org.apache.catalina.startup.Catalina.load(Catalina.java:713)
		at java.base/jdk.internal.reflect.DirectMethodHandleAccessor.invoke(DirectMethodHandleAccessor.java:103)
		at java.base/java.lang.reflect.Method.invoke(Method.java:580)
		at org.apache.catalina.startup.Bootstrap.load(Bootstrap.java:302)
		at org.apache.catalina.startup.Bootstrap.main(Bootstrap.java:472)
	Caused by: java.net.BindException: Address already in use
		at java.base/sun.nio.ch.Net.bind0(Native Method)
		at java.base/sun.nio.ch.Net.bind(Net.java:565)
		at java.base/sun.nio.ch.ServerSocketChannelImpl.netBind(ServerSocketChannelImpl.java:344)
		at java.base/sun.nio.ch.ServerSocketChannelImpl.bind(ServerSocketChannelImpl.java:301)
		at org.apache.tomcat.util.net.NioEndpoint.initServerSocket(NioEndpoint.java:268)
		at org.apache.tomcat.util.net.NioEndpoint.bind(NioEndpoint.java:223)
		at org.apache.tomcat.util.net.AbstractEndpoint.bindWithCleanup(AbstractEndpoint.java:1373)
		at org.apache.tomcat.util.net.AbstractEndpoint.init(AbstractEndpoint.java:1386)
		at org.apache.coyote.AbstractProtocol.init(AbstractProtocol.java:663)
		at org.apache.coyote.http11.AbstractHttp11Protocol.init(AbstractHttp11Protocol.java:80)
		at org.apache.catalina.connector.Connector.initInternal(Connector.java:1025)
		... 11 more
05-Jan-2025 22:00:52.978 INFO [main] org.apache.catalina.startup.Catalina.load Server initialization in [309] milliseconds
05-Jan-2025 22:00:52.996 INFO [main] org.apache.catalina.core.StandardService.startInternal Starting service [Catalina]
05-Jan-2025 22:00:52.996 INFO [main] org.apache.catalina.core.StandardEngine.startInternal Starting Servlet engine: [Apache Tomcat/9.0.98]
05-Jan-2025 22:00:53.003 INFO [main] org.apache.catalina.startup.HostConfig.deployWAR Deploying web application archive [/Users/rameez/Job-portal-with-skill-assessment/apache-tomcat-9.0.98/webapps/web-project-1.0-SNAPSHOT.war]
05-Jan-2025 22:00:53.200 INFO [main] org.apache.jasper.servlet.TldScanner.scanJars At least one JAR was scanned for TLDs yet contained no TLDs. Enable debug logging for this logger for a complete list of JARs that were scanned but no TLDs were found in them. Skipping unneeded JARs during scanning can improve startup time and JSP compilation time.
05-Jan-2025 22:00:53.220 INFO [main] org.apache.catalina.startup.HostConfig.deployWAR Deployment of web application archive [/Users/rameez/Job-portal-with-skill-assessment/apache-tomcat-9.0.98/webapps/web-project-1.0-SNAPSHOT.war] has finished in [217] ms
05-Jan-2025 22:00:53.220 INFO [main] org.apache.catalina.startup.HostConfig.deployDirectory Deploying web application directory [/Users/rameez/Job-portal-with-skill-assessment/apache-tomcat-9.0.98/webapps/docs]
05-Jan-2025 22:00:53.234 INFO [main] org.apache.catalina.startup.HostConfig.deployDirectory Deployment of web application directory [/Users/rameez/Job-portal-with-skill-assessment/apache-tomcat-9.0.98/webapps/docs] has finished in [14] ms
05-Jan-2025 22:00:53.235 INFO [main] org.apache.catalina.startup.HostConfig.deployDirectory Deploying web application directory [/Users/rameez/Job-portal-with-skill-assessment/apache-tomcat-9.0.98/webapps/manager]
05-Jan-2025 22:00:53.252 INFO [main] org.apache.catalina.startup.HostConfig.deployDirectory Deployment of web application directory [/Users/rameez/Job-portal-with-skill-assessment/apache-tomcat-9.0.98/webapps/manager] has finished in [17] ms
05-Jan-2025 22:00:53.252 INFO [main] org.apache.catalina.startup.HostConfig.deployDirectory Deploying web application directory [/Users/rameez/Job-portal-with-skill-assessment/apache-tomcat-9.0.98/webapps/examples]
05-Jan-2025 22:00:53.348 INFO [main] org.apache.catalina.startup.HostConfig.deployDirectory Deployment of web application directory [/Users/rameez/Job-portal-with-skill-assessment/apache-tomcat-9.0.98/webapps/examples] has finished in [96] ms
05-Jan-2025 22:00:53.348 INFO [main] org.apache.catalina.startup.HostConfig.deployDirectory Deploying web application directory [/Users/rameez/Job-portal-with-skill-assessment/apache-tomcat-9.0.98/webapps/ROOT]
05-Jan-2025 22:00:53.357 INFO [main] org.apache.catalina.startup.HostConfig.deployDirectory Deployment of web application directory [/Users/rameez/Job-portal-with-skill-assessment/apache-tomcat-9.0.98/webapps/ROOT] has finished in [9] ms
05-Jan-2025 22:00:53.357 INFO [main] org.apache.catalina.startup.HostConfig.deployDirectory Deploying web application directory [/Users/rameez/Job-portal-with-skill-assessment/apache-tomcat-9.0.98/webapps/host-manager]
05-Jan-2025 22:00:53.369 INFO [main] org.apache.catalina.startup.HostConfig.deployDirectory Deployment of web application directory [/Users/rameez/Job-portal-with-skill-assessment/apache-tomcat-9.0.98/webapps/host-manager] has finished in [12] ms
05-Jan-2025 22:00:53.373 INFO [main] org.apache.catalina.startup.Catalina.start Server startup in [394] milliseconds
05-Jan-2025 22:00:53.381 SEVERE [main] org.apache.catalina.core.StandardServer.await Failed to create server shutdown socket on address [localhost] and port [8005] (base port [8005] and offset [0])
	java.net.BindException: Address already in use
		at java.base/sun.nio.ch.Net.bind0(Native Method)
		at java.base/sun.nio.ch.Net.bind(Net.java:565)
		at java.base/sun.nio.ch.Net.bind(Net.java:554)
		at java.base/sun.nio.ch.NioSocketImpl.bind(NioSocketImpl.java:636)
		at java.base/java.net.ServerSocket.bind(ServerSocket.java:389)
		at java.base/java.net.ServerSocket.<init>(ServerSocket.java:276)
		at org.apache.catalina.core.StandardServer.await(StandardServer.java:537)
		at org.apache.catalina.startup.Catalina.await(Catalina.java:829)
		at org.apache.catalina.startup.Catalina.start(Catalina.java:777)
		at java.base/jdk.internal.reflect.DirectMethodHandleAccessor.invoke(DirectMethodHandleAccessor.java:103)
		at java.base/java.lang.reflect.Method.invoke(Method.java:580)
		at org.apache.catalina.startup.Bootstrap.start(Bootstrap.java:345)
		at org.apache.catalina.startup.Bootstrap.main(Bootstrap.java:473)
05-Jan-2025 22:00:53.382 INFO [main] org.apache.coyote.AbstractProtocol.pause Pausing ProtocolHandler ["http-nio-8080"]
05-Jan-2025 22:00:53.382 INFO [main] org.apache.catalina.core.StandardService.stopInternal Stopping service [Catalina]
05-Jan-2025 22:00:53.401 INFO [main] org.apache.coyote.AbstractProtocol.stop Stopping ProtocolHandler ["http-nio-8080"]
05-Jan-2025 22:00:53.402 INFO [main] org.apache.coyote.AbstractProtocol.destroy Destroying ProtocolHandler ["http-nio-8080"]
NOTE: Picked up JDK_JAVA_OPTIONS:  --add-opens=java.base/java.lang=ALL-UNNAMED --add-opens=java.base/java.io=ALL-UNNAMED --add-opens=java.base/java.util=ALL-UNNAMED --add-opens=java.base/java.util.concurrent=ALL-UNNAMED --add-opens=java.rmi/sun.rmi.transport=ALL-UNNAMED
05-Jan-2025 22:02:34.560 INFO [main] org.apache.catalina.startup.VersionLoggerListener.log Server version name:   Apache Tomcat/9.0.98
05-Jan-2025 22:02:34.562 INFO [main] org.apache.catalina.startup.VersionLoggerListener.log Server built:          Dec 5 2024 19:50:29 UTC
05-Jan-2025 22:02:34.562 INFO [main] org.apache.catalina.startup.VersionLoggerListener.log Server version number: 9.0.98.0
05-Jan-2025 22:02:34.562 INFO [main] org.apache.catalina.startup.VersionLoggerListener.log OS Name:               Mac OS X
05-Jan-2025 22:02:34.562 INFO [main] org.apache.catalina.startup.VersionLoggerListener.log OS Version:            15.2
05-Jan-2025 22:02:34.562 INFO [main] org.apache.catalina.startup.VersionLoggerListener.log Architecture:          aarch64
05-Jan-2025 22:02:34.562 INFO [main] org.apache.catalina.startup.VersionLoggerListener.log Java Home:             /Library/Java/JavaVirtualMachines/jdk-23.jdk/Contents/Home
05-Jan-2025 22:02:34.563 INFO [main] org.apache.catalina.startup.VersionLoggerListener.log JVM Version:           23.0.1+11-39
05-Jan-2025 22:02:34.563 INFO [main] org.apache.catalina.startup.VersionLoggerListener.log JVM Vendor:            Oracle Corporation
05-Jan-2025 22:02:34.563 INFO [main] org.apache.catalina.startup.VersionLoggerListener.log CATALINA_BASE:         /Users/rameez/Job-portal-with-skill-assessment/apache-tomcat-9.0.98
05-Jan-2025 22:02:34.563 INFO [main] org.apache.catalina.startup.VersionLoggerListener.log CATALINA_HOME:         /Users/rameez/Job-portal-with-skill-assessment/apache-tomcat-9.0.98
05-Jan-2025 22:02:34.569 INFO [main] org.apache.catalina.startup.VersionLoggerListener.log Command line argument: --add-opens=java.base/java.lang=ALL-UNNAMED
05-Jan-2025 22:02:34.569 INFO [main] org.apache.catalina.startup.VersionLoggerListener.log Command line argument: --add-opens=java.base/java.io=ALL-UNNAMED
05-Jan-2025 22:02:34.569 INFO [main] org.apache.catalina.startup.VersionLoggerListener.log Command line argument: --add-opens=java.base/java.util=ALL-UNNAMED
05-Jan-2025 22:02:34.569 INFO [main] org.apache.catalina.startup.VersionLoggerListener.log Command line argument: --add-opens=java.base/java.util.concurrent=ALL-UNNAMED
05-Jan-2025 22:02:34.569 INFO [main] org.apache.catalina.startup.VersionLoggerListener.log Command line argument: --add-opens=java.rmi/sun.rmi.transport=ALL-UNNAMED
05-Jan-2025 22:02:34.569 INFO [main] org.apache.catalina.startup.VersionLoggerListener.log Command line argument: -Djava.util.logging.config.file=/Users/rameez/Job-portal-with-skill-assessment/apache-tomcat-9.0.98/conf/logging.properties
05-Jan-2025 22:02:34.569 INFO [main] org.apache.catalina.startup.VersionLoggerListener.log Command line argument: -Djava.util.logging.manager=org.apache.juli.ClassLoaderLogManager
05-Jan-2025 22:02:34.569 INFO [main] org.apache.catalina.startup.VersionLoggerListener.log Command line argument: -Djdk.tls.ephemeralDHKeySize=2048
05-Jan-2025 22:02:34.569 INFO [main] org.apache.catalina.startup.VersionLoggerListener.log Command line argument: -Djava.protocol.handler.pkgs=org.apache.catalina.webresources
05-Jan-2025 22:02:34.569 INFO [main] org.apache.catalina.startup.VersionLoggerListener.log Command line argument: -Dorg.apache.catalina.security.SecurityListener.UMASK=0027
05-Jan-2025 22:02:34.569 INFO [main] org.apache.catalina.startup.VersionLoggerListener.log Command line argument: -Dignore.endorsed.dirs=
05-Jan-2025 22:02:34.569 INFO [main] org.apache.catalina.startup.VersionLoggerListener.log Command line argument: -Dcatalina.base=/Users/rameez/Job-portal-with-skill-assessment/apache-tomcat-9.0.98
05-Jan-2025 22:02:34.569 INFO [main] org.apache.catalina.startup.VersionLoggerListener.log Command line argument: -Dcatalina.home=/Users/rameez/Job-portal-with-skill-assessment/apache-tomcat-9.0.98
05-Jan-2025 22:02:34.570 INFO [main] org.apache.catalina.startup.VersionLoggerListener.log Command line argument: -Djava.io.tmpdir=/Users/rameez/Job-portal-with-skill-assessment/apache-tomcat-9.0.98/temp
05-Jan-2025 22:02:34.575 INFO [main] org.apache.catalina.core.AprLifecycleListener.lifecycleEvent The Apache Tomcat Native library which allows using OpenSSL was not found on the java.library.path: [/Users/rameez/Library/Java/Extensions:/Library/Java/Extensions:/Network/Library/Java/Extensions:/System/Library/Java/Extensions:/usr/lib/java:.]
05-Jan-2025 22:02:34.758 INFO [main] org.apache.coyote.AbstractProtocol.init Initializing ProtocolHandler ["http-nio-8080"]
05-Jan-2025 22:02:34.773 INFO [main] org.apache.catalina.startup.Catalina.load Server initialization in [311] milliseconds
05-Jan-2025 22:02:34.792 INFO [main] org.apache.catalina.core.StandardService.startInternal Starting service [Catalina]
05-Jan-2025 22:02:34.792 INFO [main] org.apache.catalina.core.StandardEngine.startInternal Starting Servlet engine: [Apache Tomcat/9.0.98]
05-Jan-2025 22:02:34.799 INFO [main] org.apache.catalina.startup.HostConfig.deployWAR Deploying web application archive [/Users/rameez/Job-portal-with-skill-assessment/apache-tomcat-9.0.98/webapps/web-project-1.0-SNAPSHOT.war]
05-Jan-2025 22:02:34.993 INFO [main] org.apache.jasper.servlet.TldScanner.scanJars At least one JAR was scanned for TLDs yet contained no TLDs. Enable debug logging for this logger for a complete list of JARs that were scanned but no TLDs were found in them. Skipping unneeded JARs during scanning can improve startup time and JSP compilation time.
05-Jan-2025 22:02:35.012 INFO [main] org.apache.catalina.startup.HostConfig.deployWAR Deployment of web application archive [/Users/rameez/Job-portal-with-skill-assessment/apache-tomcat-9.0.98/webapps/web-project-1.0-SNAPSHOT.war] has finished in [213] ms
05-Jan-2025 22:02:35.013 INFO [main] org.apache.catalina.startup.HostConfig.deployDirectory Deploying web application directory [/Users/rameez/Job-portal-with-skill-assessment/apache-tomcat-9.0.98/webapps/docs]
05-Jan-2025 22:02:35.027 INFO [main] org.apache.catalina.startup.HostConfig.deployDirectory Deployment of web application directory [/Users/rameez/Job-portal-with-skill-assessment/apache-tomcat-9.0.98/webapps/docs] has finished in [14] ms
05-Jan-2025 22:02:35.027 INFO [main] org.apache.catalina.startup.HostConfig.deployDirectory Deploying web application directory [/Users/rameez/Job-portal-with-skill-assessment/apache-tomcat-9.0.98/webapps/manager]
05-Jan-2025 22:02:35.043 INFO [main] org.apache.catalina.startup.HostConfig.deployDirectory Deployment of web application directory [/Users/rameez/Job-portal-with-skill-assessment/apache-tomcat-9.0.98/webapps/manager] has finished in [16] ms
05-Jan-2025 22:02:35.043 INFO [main] org.apache.catalina.startup.HostConfig.deployDirectory Deploying web application directory [/Users/rameez/Job-portal-with-skill-assessment/apache-tomcat-9.0.98/webapps/examples]
05-Jan-2025 22:02:35.133 INFO [main] org.apache.catalina.startup.HostConfig.deployDirectory Deployment of web application directory [/Users/rameez/Job-portal-with-skill-assessment/apache-tomcat-9.0.98/webapps/examples] has finished in [90] ms
05-Jan-2025 22:02:35.133 INFO [main] org.apache.catalina.startup.HostConfig.deployDirectory Deploying web application directory [/Users/rameez/Job-portal-with-skill-assessment/apache-tomcat-9.0.98/webapps/ROOT]
05-Jan-2025 22:02:35.140 INFO [main] org.apache.catalina.startup.HostConfig.deployDirectory Deployment of web application directory [/Users/rameez/Job-portal-with-skill-assessment/apache-tomcat-9.0.98/webapps/ROOT] has finished in [7] ms
05-Jan-2025 22:02:35.141 INFO [main] org.apache.catalina.startup.HostConfig.deployDirectory Deploying web application directory [/Users/rameez/Job-portal-with-skill-assessment/apache-tomcat-9.0.98/webapps/host-manager]
05-Jan-2025 22:02:35.150 INFO [main] org.apache.catalina.startup.HostConfig.deployDirectory Deployment of web application directory [/Users/rameez/Job-portal-with-skill-assessment/apache-tomcat-9.0.98/webapps/host-manager] has finished in [9] ms
05-Jan-2025 22:02:35.152 INFO [main] org.apache.coyote.AbstractProtocol.start Starting ProtocolHandler ["http-nio-8080"]
05-Jan-2025 22:02:35.157 INFO [main] org.apache.catalina.startup.Catalina.start Server startup in [383] milliseconds
05-Jan-2025 22:06:45.396 INFO [Catalina-utility-1] org.apache.catalina.startup.HostConfig.undeploy Undeploying context [/web-project-1.0-SNAPSHOT]
05-Jan-2025 22:10:55.619 INFO [Catalina-utility-2] org.apache.catalina.startup.HostConfig.deployWAR Deploying web application archive [/Users/rameez/Job-portal-with-skill-assessment/apache-tomcat-9.0.98/webapps/web-project-1.0-SNAPSHOT.war]
05-Jan-2025 22:10:55.727 INFO [Catalina-utility-2] org.apache.jasper.servlet.TldScanner.scanJars At least one JAR was scanned for TLDs yet contained no TLDs. Enable debug logging for this logger for a complete list of JARs that were scanned but no TLDs were found in them. Skipping unneeded JARs during scanning can improve startup time and JSP compilation time.
05-Jan-2025 22:10:55.730 INFO [Catalina-utility-2] org.apache.catalina.startup.HostConfig.deployWAR Deployment of web application archive [/Users/rameez/Job-portal-with-skill-assessment/apache-tomcat-9.0.98/webapps/web-project-1.0-SNAPSHOT.war] has finished in [111] ms
NOTE: Picked up JDK_JAVA_OPTIONS:  --add-opens=java.base/java.lang=ALL-UNNAMED --add-opens=java.base/java.io=ALL-UNNAMED --add-opens=java.base/java.util=ALL-UNNAMED --add-opens=java.base/java.util.concurrent=ALL-UNNAMED --add-opens=java.rmi/sun.rmi.transport=ALL-UNNAMED
05-Jan-2025 22:12:43.027 INFO [main] org.apache.catalina.startup.VersionLoggerListener.log Server version name:   Apache Tomcat/9.0.98
05-Jan-2025 22:12:43.028 INFO [main] org.apache.catalina.startup.VersionLoggerListener.log Server built:          Dec 5 2024 19:50:29 UTC
05-Jan-2025 22:12:43.028 INFO [main] org.apache.catalina.startup.VersionLoggerListener.log Server version number: 9.0.98.0
05-Jan-2025 22:12:43.029 INFO [main] org.apache.catalina.startup.VersionLoggerListener.log OS Name:               Mac OS X
05-Jan-2025 22:12:43.029 INFO [main] org.apache.catalina.startup.VersionLoggerListener.log OS Version:            15.2
05-Jan-2025 22:12:43.029 INFO [main] org.apache.catalina.startup.VersionLoggerListener.log Architecture:          aarch64
05-Jan-2025 22:12:43.029 INFO [main] org.apache.catalina.startup.VersionLoggerListener.log Java Home:             /Library/Java/JavaVirtualMachines/jdk-23.jdk/Contents/Home
05-Jan-2025 22:12:43.029 INFO [main] org.apache.catalina.startup.VersionLoggerListener.log JVM Version:           23.0.1+11-39
05-Jan-2025 22:12:43.029 INFO [main] org.apache.catalina.startup.VersionLoggerListener.log JVM Vendor:            Oracle Corporation
05-Jan-2025 22:12:43.029 INFO [main] org.apache.catalina.startup.VersionLoggerListener.log CATALINA_BASE:         /Users/rameez/Job-portal-with-skill-assessment/apache-tomcat-9.0.98
05-Jan-2025 22:12:43.029 INFO [main] org.apache.catalina.startup.VersionLoggerListener.log CATALINA_HOME:         /Users/rameez/Job-portal-with-skill-assessment/apache-tomcat-9.0.98
05-Jan-2025 22:12:43.034 INFO [main] org.apache.catalina.startup.VersionLoggerListener.log Command line argument: --add-opens=java.base/java.lang=ALL-UNNAMED
05-Jan-2025 22:12:43.034 INFO [main] org.apache.catalina.startup.VersionLoggerListener.log Command line argument: --add-opens=java.base/java.io=ALL-UNNAMED
05-Jan-2025 22:12:43.034 INFO [main] org.apache.catalina.startup.VersionLoggerListener.log Command line argument: --add-opens=java.base/java.util=ALL-UNNAMED
05-Jan-2025 22:12:43.034 INFO [main] org.apache.catalina.startup.VersionLoggerListener.log Command line argument: --add-opens=java.base/java.util.concurrent=ALL-UNNAMED
05-Jan-2025 22:12:43.034 INFO [main] org.apache.catalina.startup.VersionLoggerListener.log Command line argument: --add-opens=java.rmi/sun.rmi.transport=ALL-UNNAMED
05-Jan-2025 22:12:43.034 INFO [main] org.apache.catalina.startup.VersionLoggerListener.log Command line argument: -Djava.util.logging.config.file=/Users/rameez/Job-portal-with-skill-assessment/apache-tomcat-9.0.98/conf/logging.properties
05-Jan-2025 22:12:43.035 INFO [main] org.apache.catalina.startup.VersionLoggerListener.log Command line argument: -Djava.util.logging.manager=org.apache.juli.ClassLoaderLogManager
05-Jan-2025 22:12:43.035 INFO [main] org.apache.catalina.startup.VersionLoggerListener.log Command line argument: -Djdk.tls.ephemeralDHKeySize=2048
05-Jan-2025 22:12:43.035 INFO [main] org.apache.catalina.startup.VersionLoggerListener.log Command line argument: -Djava.protocol.handler.pkgs=org.apache.catalina.webresources
05-Jan-2025 22:12:43.035 INFO [main] org.apache.catalina.startup.VersionLoggerListener.log Command line argument: -Dorg.apache.catalina.security.SecurityListener.UMASK=0027
05-Jan-2025 22:12:43.035 INFO [main] org.apache.catalina.startup.VersionLoggerListener.log Command line argument: -Dignore.endorsed.dirs=
05-Jan-2025 22:12:43.035 INFO [main] org.apache.catalina.startup.VersionLoggerListener.log Command line argument: -Dcatalina.base=/Users/rameez/Job-portal-with-skill-assessment/apache-tomcat-9.0.98
05-Jan-2025 22:12:43.035 INFO [main] org.apache.catalina.startup.VersionLoggerListener.log Command line argument: -Dcatalina.home=/Users/rameez/Job-portal-with-skill-assessment/apache-tomcat-9.0.98
05-Jan-2025 22:12:43.035 INFO [main] org.apache.catalina.startup.VersionLoggerListener.log Command line argument: -Djava.io.tmpdir=/Users/rameez/Job-portal-with-skill-assessment/apache-tomcat-9.0.98/temp
05-Jan-2025 22:12:43.040 INFO [main] org.apache.catalina.core.AprLifecycleListener.lifecycleEvent The Apache Tomcat Native library which allows using OpenSSL was not found on the java.library.path: [/Users/rameez/Library/Java/Extensions:/Library/Java/Extensions:/Network/Library/Java/Extensions:/System/Library/Java/Extensions:/usr/lib/java:.]
05-Jan-2025 22:12:43.216 INFO [main] org.apache.coyote.AbstractProtocol.init Initializing ProtocolHandler ["http-nio-8080"]
05-Jan-2025 22:12:43.230 SEVERE [main] org.apache.catalina.util.LifecycleBase.handleSubClassException Failed to initialize component [Connector["http-nio-8080"]]
	org.apache.catalina.LifecycleException: Protocol handler initialization failed
		at org.apache.catalina.connector.Connector.initInternal(Connector.java:1027)
		at org.apache.catalina.util.LifecycleBase.init(LifecycleBase.java:122)
		at org.apache.catalina.core.StandardService.initInternal(StandardService.java:525)
		at org.apache.catalina.util.LifecycleBase.init(LifecycleBase.java:122)
		at org.apache.catalina.core.StandardServer.initInternal(StandardServer.java:986)
		at org.apache.catalina.util.LifecycleBase.init(LifecycleBase.java:122)
		at org.apache.catalina.startup.Catalina.load(Catalina.java:690)
		at org.apache.catalina.startup.Catalina.load(Catalina.java:713)
		at java.base/jdk.internal.reflect.DirectMethodHandleAccessor.invoke(DirectMethodHandleAccessor.java:103)
		at java.base/java.lang.reflect.Method.invoke(Method.java:580)
		at org.apache.catalina.startup.Bootstrap.load(Bootstrap.java:302)
		at org.apache.catalina.startup.Bootstrap.main(Bootstrap.java:472)
	Caused by: java.net.BindException: Address already in use
		at java.base/sun.nio.ch.Net.bind0(Native Method)
		at java.base/sun.nio.ch.Net.bind(Net.java:565)
		at java.base/sun.nio.ch.ServerSocketChannelImpl.netBind(ServerSocketChannelImpl.java:344)
		at java.base/sun.nio.ch.ServerSocketChannelImpl.bind(ServerSocketChannelImpl.java:301)
		at org.apache.tomcat.util.net.NioEndpoint.initServerSocket(NioEndpoint.java:268)
		at org.apache.tomcat.util.net.NioEndpoint.bind(NioEndpoint.java:223)
		at org.apache.tomcat.util.net.AbstractEndpoint.bindWithCleanup(AbstractEndpoint.java:1373)
		at org.apache.tomcat.util.net.AbstractEndpoint.init(AbstractEndpoint.java:1386)
		at org.apache.coyote.AbstractProtocol.init(AbstractProtocol.java:663)
		at org.apache.coyote.http11.AbstractHttp11Protocol.init(AbstractHttp11Protocol.java:80)
		at org.apache.catalina.connector.Connector.initInternal(Connector.java:1025)
		... 11 more
05-Jan-2025 22:12:43.231 INFO [main] org.apache.catalina.startup.Catalina.load Server initialization in [308] milliseconds
05-Jan-2025 22:12:43.250 INFO [main] org.apache.catalina.core.StandardService.startInternal Starting service [Catalina]
05-Jan-2025 22:12:43.250 INFO [main] org.apache.catalina.core.StandardEngine.startInternal Starting Servlet engine: [Apache Tomcat/9.0.98]
05-Jan-2025 22:12:43.256 INFO [main] org.apache.catalina.startup.HostConfig.deployWAR Deploying web application archive [/Users/rameez/Job-portal-with-skill-assessment/apache-tomcat-9.0.98/webapps/web-project-1.0-SNAPSHOT.war]
05-Jan-2025 22:12:43.437 INFO [main] org.apache.jasper.servlet.TldScanner.scanJars At least one JAR was scanned for TLDs yet contained no TLDs. Enable debug logging for this logger for a complete list of JARs that were scanned but no TLDs were found in them. Skipping unneeded JARs during scanning can improve startup time and JSP compilation time.
05-Jan-2025 22:12:43.456 INFO [main] org.apache.catalina.startup.HostConfig.deployWAR Deployment of web application archive [/Users/rameez/Job-portal-with-skill-assessment/apache-tomcat-9.0.98/webapps/web-project-1.0-SNAPSHOT.war] has finished in [199] ms
05-Jan-2025 22:12:43.456 INFO [main] org.apache.catalina.startup.HostConfig.deployDirectory Deploying web application directory [/Users/rameez/Job-portal-with-skill-assessment/apache-tomcat-9.0.98/webapps/docs]
05-Jan-2025 22:12:43.467 INFO [main] org.apache.catalina.startup.HostConfig.deployDirectory Deployment of web application directory [/Users/rameez/Job-portal-with-skill-assessment/apache-tomcat-9.0.98/webapps/docs] has finished in [11] ms
05-Jan-2025 22:12:43.467 INFO [main] org.apache.catalina.startup.HostConfig.deployDirectory Deploying web application directory [/Users/rameez/Job-portal-with-skill-assessment/apache-tomcat-9.0.98/webapps/manager]
05-Jan-2025 22:12:43.482 INFO [main] org.apache.catalina.startup.HostConfig.deployDirectory Deployment of web application directory [/Users/rameez/Job-portal-with-skill-assessment/apache-tomcat-9.0.98/webapps/manager] has finished in [15] ms
05-Jan-2025 22:12:43.483 INFO [main] org.apache.catalina.startup.HostConfig.deployDirectory Deploying web application directory [/Users/rameez/Job-portal-with-skill-assessment/apache-tomcat-9.0.98/webapps/examples]
05-Jan-2025 22:12:43.572 INFO [main] org.apache.catalina.startup.HostConfig.deployDirectory Deployment of web application directory [/Users/rameez/Job-portal-with-skill-assessment/apache-tomcat-9.0.98/webapps/examples] has finished in [89] ms
05-Jan-2025 22:12:43.572 INFO [main] org.apache.catalina.startup.HostConfig.deployDirectory Deploying web application directory [/Users/rameez/Job-portal-with-skill-assessment/apache-tomcat-9.0.98/webapps/ROOT]
05-Jan-2025 22:12:43.580 INFO [main] org.apache.catalina.startup.HostConfig.deployDirectory Deployment of web application directory [/Users/rameez/Job-portal-with-skill-assessment/apache-tomcat-9.0.98/webapps/ROOT] has finished in [7] ms
05-Jan-2025 22:12:43.580 INFO [main] org.apache.catalina.startup.HostConfig.deployDirectory Deploying web application directory [/Users/rameez/Job-portal-with-skill-assessment/apache-tomcat-9.0.98/webapps/host-manager]
05-Jan-2025 22:12:43.590 INFO [main] org.apache.catalina.startup.HostConfig.deployDirectory Deployment of web application directory [/Users/rameez/Job-portal-with-skill-assessment/apache-tomcat-9.0.98/webapps/host-manager] has finished in [10] ms
05-Jan-2025 22:12:43.592 INFO [main] org.apache.catalina.startup.Catalina.start Server startup in [360] milliseconds
05-Jan-2025 22:12:43.596 SEVERE [main] org.apache.catalina.core.StandardServer.await Failed to create server shutdown socket on address [localhost] and port [8005] (base port [8005] and offset [0])
	java.net.BindException: Address already in use
		at java.base/sun.nio.ch.Net.bind0(Native Method)
		at java.base/sun.nio.ch.Net.bind(Net.java:565)
		at java.base/sun.nio.ch.Net.bind(Net.java:554)
		at java.base/sun.nio.ch.NioSocketImpl.bind(NioSocketImpl.java:636)
		at java.base/java.net.ServerSocket.bind(ServerSocket.java:389)
		at java.base/java.net.ServerSocket.<init>(ServerSocket.java:276)
		at org.apache.catalina.core.StandardServer.await(StandardServer.java:537)
		at org.apache.catalina.startup.Catalina.await(Catalina.java:829)
		at org.apache.catalina.startup.Catalina.start(Catalina.java:777)
		at java.base/jdk.internal.reflect.DirectMethodHandleAccessor.invoke(DirectMethodHandleAccessor.java:103)
		at java.base/java.lang.reflect.Method.invoke(Method.java:580)
		at org.apache.catalina.startup.Bootstrap.start(Bootstrap.java:345)
		at org.apache.catalina.startup.Bootstrap.main(Bootstrap.java:473)
05-Jan-2025 22:12:43.597 INFO [main] org.apache.coyote.AbstractProtocol.pause Pausing ProtocolHandler ["http-nio-8080"]
05-Jan-2025 22:12:43.597 INFO [main] org.apache.catalina.core.StandardService.stopInternal Stopping service [Catalina]
05-Jan-2025 22:12:43.614 INFO [main] org.apache.coyote.AbstractProtocol.stop Stopping ProtocolHandler ["http-nio-8080"]
05-Jan-2025 22:12:43.614 INFO [main] org.apache.coyote.AbstractProtocol.destroy Destroying ProtocolHandler ["http-nio-8080"]
